Build started 11/11/2015 23:51:54.
     1>Project "C:\Users\Stephan\Documents\GitHub\Denoiser\Sakarnen\Sakarnen.vcxproj" on node 3 (Build target(s)).
     1>Link:
         Sakarnen.vcxproj -> C:\Users\Stephan\Documents\GitHub\Denoiser\x64\Release\Sakarnen.dll
       PostBuildEvent:
         xcopy /y /d "C:\Users\Stephan\Documents\GitHub\Denoiser\Sakarnen\x64\Release\Sakarnen.dll" "C:\Users\Stephan\.nuke"
         :VCEnd
         File not found - Sakarnen.dll
         0 File(s) copied
     1>C:\Program Files (x86)\MSBuild\Microsoft.Cpp\v4.0\Microsoft.CppCommon.targets(113,5): error MSB3073: The command "xcopy /y /d "C:\Users\Stephan\Documents\GitHub\Denoiser\Sakarnen\x64\Release\Sakarnen.dll" "C:\Users\Stephan\.nuke"
C:\Program Files (x86)\MSBuild\Microsoft.Cpp\v4.0\Microsoft.CppCommon.targets(113,5): error MSB3073: :VCEnd" exited with code 4.
     1>Done Building Project "C:\Users\Stephan\Documents\GitHub\Denoiser\Sakarnen\Sakarnen.vcxproj" (Build target(s)) -- FAILED.

Build FAILED.

Time Elapsed 00:00:00.13
